[2026-02-05 01:16:04] INFO: Iniciando envío de pedido #11 a FUDA
Data: {
    "customer": "Nadi"
}
--------------------------------------------------
[2026-02-05 01:16:04] INFO: Payload crear Venta (POST /sales)
Data: {
    "data": {
        "type": "Sale",
        "attributes": {
            "saleType": "DELIVERY",
            "customerName": "Nadi",
            "comment": ""
        },
        "relationships": []
    }
}
--------------------------------------------------
[2026-02-05 01:16:04] INFO: Respuesta crear Venta
Data: {
    "status": 401,
    "body": "401 Unauthorized"
}
--------------------------------------------------
[2026-02-05 01:16:04] ERROR: FALLÓ creación de venta
--------------------------------------------------
